<?xml version="1.0" encoding="UTF-8"?>
<testng-results ignored="0" total="4" passed="3" failed="1" skipped="0">
  <reporter-output>
  </reporter-output>
  <suite started-at="2026-01-18T21:21:13 GMT+03:00" name="Insider Automation Test Suite" finished-at="2026-01-18T21:22:13 GMT+03:00" duration-ms="60706">
    <groups>
    </groups>
    <test started-at="2026-01-18T21:21:13 GMT+03:00" name="Insider Tests" finished-at="2026-01-18T21:22:13 GMT+03:00" duration-ms="60706">
      <class name="com.insider.tests.InsiderTest">
        <test-method is-config="true" signature="setUp()[pri:0, instance:com.insider.tests.InsiderTest@45018215]" started-at="2026-01-18T21:21:13 GMT+03:00" name="setUp" finished-at="2026-01-18T21:21:15 GMT+03:00" duration-ms="2717" status="PASS">
          <reporter-output>
          </reporter-output>
        </test-method> <!-- setUp -->
        <test-method signature="testFilterJobsAndVerifyList()[pri:0, instance:com.insider.tests.InsiderTest@45018215]" started-at="2026-01-18T21:21:15 GMT+03:00" name="testFilterJobsAndVerifyList" description="Navigate to QA careers page, filter jobs and verify jobs list" finished-at="2026-01-18T21:21:33 GMT+03:00" duration-ms="18060" status="PASS">
          <reporter-output>
          </reporter-output>
        </test-method> <!-- testFilterJobsAndVerifyList -->
        <test-method is-config="true" signature="tearDown()[pri:0, instance:com.insider.tests.InsiderTest@45018215]" started-at="2026-01-18T21:21:33 GMT+03:00" name="tearDown" finished-at="2026-01-18T21:21:34 GMT+03:00" duration-ms="336" status="PASS">
          <reporter-output>
          </reporter-output>
        </test-method> <!-- tearDown -->
        <test-method is-config="true" signature="setUp()[pri:0, instance:com.insider.tests.InsiderTest@45018215]" started-at="2026-01-18T21:21:34 GMT+03:00" name="setUp" finished-at="2026-01-18T21:21:35 GMT+03:00" duration-ms="1007" status="PASS">
          <reporter-output>
          </reporter-output>
        </test-method> <!-- setUp -->
        <test-method signature="testHomePageLoaded()[pri:0, instance:com.insider.tests.InsiderTest@45018215]" started-at="2026-01-18T21:21:35 GMT+03:00" name="testHomePageLoaded" description="Verify Insider home page is opened and all main blocks are loaded" finished-at="2026-01-18T21:21:41 GMT+03:00" duration-ms="6585" status="PASS">
          <reporter-output>
          </reporter-output>
        </test-method> <!-- testHomePageLoaded -->
        <test-method is-config="true" signature="tearDown()[pri:0, instance:com.insider.tests.InsiderTest@45018215]" started-at="2026-01-18T21:21:41 GMT+03:00" name="tearDown" finished-at="2026-01-18T21:21:42 GMT+03:00" duration-ms="186" status="PASS">
          <reporter-output>
          </reporter-output>
        </test-method> <!-- tearDown -->
        <test-method is-config="true" signature="setUp()[pri:0, instance:com.insider.tests.InsiderTest@45018215]" started-at="2026-01-18T21:21:42 GMT+03:00" name="setUp" finished-at="2026-01-18T21:21:42 GMT+03:00" duration-ms="867" status="PASS">
          <reporter-output>
          </reporter-output>
        </test-method> <!-- setUp -->
        <test-method signature="testVerifyJobDetails()[pri:0, instance:com.insider.tests.InsiderTest@45018215]" started-at="2026-01-18T21:21:42 GMT+03:00" name="testVerifyJobDetails" description="Verify all jobs contain correct Position, Department and Location" finished-at="2026-01-18T21:21:54 GMT+03:00" duration-ms="11505" status="FAIL">
          <exception class="java.lang.AssertionError">
            <message>
              <![CDATA[All locations should contain 'Istanbul, Turkiye' expected [true] but found [false]]]>
            </message>
            <full-stacktrace>
              <![CDATA[java.lang.AssertionError: All locations should contain 'Istanbul, Turkiye' expected [true] but found [false]
at org.testng.Assert.fail(Assert.java:111)
at org.testng.Assert.failNotEquals(Assert.java:1578)
at org.testng.Assert.assertTrue(Assert.java:57)
at com.insider.tests.InsiderTest.testVerifyJobDetails(InsiderTest.java:59)
at java.base/jdk.internal.reflect.DirectMethodHandleAccessor.invoke(DirectMethodHandleAccessor.java:104)
at java.base/java.lang.reflect.Method.invoke(Method.java:565)
at org.testng.internal.invokers.MethodInvocationHelper.invokeMethod(MethodInvocationHelper.java:139)
at org.testng.internal.invokers.TestInvoker.invokeMethod(TestInvoker.java:664)
at org.testng.internal.invokers.TestInvoker.invokeTestMethod(TestInvoker.java:227)
at org.testng.internal.invokers.MethodRunner.runInSequence(MethodRunner.java:50)
at org.testng.internal.invokers.TestInvoker$MethodInvocationAgent.invoke(TestInvoker.java:957)
at org.testng.internal.invokers.TestInvoker.invokeTestMethods(TestInvoker.java:200)
at org.testng.internal.invokers.TestMethodWorker.invokeTestMethods(TestMethodWorker.java:148)
at org.testng.internal.invokers.TestMethodWorker.run(TestMethodWorker.java:128)
at java.base/java.util.ArrayList.forEach(ArrayList.java:1604)
at org.testng.TestRunner.privateRun(TestRunner.java:848)
at org.testng.TestRunner.run(TestRunner.java:621)
at org.testng.SuiteRunner.runTest(SuiteRunner.java:443)
at org.testng.SuiteRunner.runSequentially(SuiteRunner.java:437)
at org.testng.SuiteRunner.privateRun(SuiteRunner.java:397)
at org.testng.SuiteRunner.run(SuiteRunner.java:336)
at org.testng.SuiteRunnerWorker.runSuite(SuiteRunnerWorker.java:52)
at org.testng.SuiteRunnerWorker.run(SuiteRunnerWorker.java:95)
at org.testng.TestNG.runSuitesSequentially(TestNG.java:1280)
at org.testng.TestNG.runSuitesLocally(TestNG.java:1200)
at org.testng.TestNG.runSuites(TestNG.java:1114)
at org.testng.TestNG.run(TestNG.java:1082)
at org.apache.maven.surefire.testng.TestNGExecutor.run(TestNGExecutor.java:308)
at org.apache.maven.surefire.testng.TestNGXmlTestSuite.execute(TestNGXmlTestSuite.java:71)
at org.apache.maven.surefire.testng.TestNGProvider.invoke(TestNGProvider.java:113)
at org.apache.maven.surefire.booter.ForkedBooter.runSuitesInProcess(ForkedBooter.java:385)
at org.apache.maven.surefire.booter.ForkedBooter.execute(ForkedBooter.java:162)
at org.apache.maven.surefire.booter.ForkedBooter.run(ForkedBooter.java:507)
at org.apache.maven.surefire.booter.ForkedBooter.main(ForkedBooter.java:495)
]]>
            </full-stacktrace>
          </exception> <!-- java.lang.AssertionError -->
          <reporter-output>
          </reporter-output>
        </test-method> <!-- testVerifyJobDetails -->
        <test-method is-config="true" signature="tearDown()[pri:0, instance:com.insider.tests.InsiderTest@45018215]" started-at="2026-01-18T21:21:54 GMT+03:00" name="tearDown" finished-at="2026-01-18T21:21:54 GMT+03:00" duration-ms="214" status="PASS">
          <reporter-output>
          </reporter-output>
        </test-method> <!-- tearDown -->
        <test-method is-config="true" signature="setUp()[pri:0, instance:com.insider.tests.InsiderTest@45018215]" started-at="2026-01-18T21:21:54 GMT+03:00" name="setUp" finished-at="2026-01-18T21:21:55 GMT+03:00" duration-ms="928" status="PASS">
          <reporter-output>
          </reporter-output>
        </test-method> <!-- setUp -->
        <test-method signature="testViewRoleRedirect()[pri:0, instance:com.insider.tests.InsiderTest@45018215]" started-at="2026-01-18T21:21:55 GMT+03:00" name="testViewRoleRedirect" description="Click View Role button and verify redirect to Lever Application form" finished-at="2026-01-18T21:22:13 GMT+03:00" duration-ms="17988" status="PASS">
          <reporter-output>
          </reporter-output>
        </test-method> <!-- testViewRoleRedirect -->
        <test-method is-config="true" signature="tearDown()[pri:0, instance:com.insider.tests.InsiderTest@45018215]" started-at="2026-01-18T21:22:13 GMT+03:00" name="tearDown" finished-at="2026-01-18T21:22:13 GMT+03:00" duration-ms="281" status="PASS">
          <reporter-output>
          </reporter-output>
        </test-method> <!-- tearDown -->
      </class> <!-- com.insider.tests.InsiderTest -->
    </test> <!-- Insider Tests -->
  </suite> <!-- Insider Automation Test Suite -->
</testng-results>
