<?xml version="1.0" encoding="UTF-8"?>
<!-- Generated by org.testng.reporters.JUnitXMLReporter -->
<testsuite ignored="0" hostname="THB-ARG-2438" failures="1" tests="4" name="Insider Tests" time="60.706" errors="0" timestamp="2026-01-18T21:22:13 GMT+03:00">
  <testcase classname="com.insider.tests.InsiderTest" name="testFilterJobsAndVerifyList" time="18.06"/>
  <testcase classname="com.insider.tests.InsiderTest" name="testHomePageLoaded" time="6.585"/>
  <testcase classname="com.insider.tests.InsiderTest" name="testVerifyJobDetails" time="11.505">
    <failure type="java.lang.AssertionError" message="All locations should contain &amp;apos;Istanbul, Turkiye&amp;apos; expected [true] but found [false]">
      <![CDATA[java.lang.AssertionError: All locations should contain 'Istanbul, Turkiye' expected [true] but found [false]
at com.insider.tests.InsiderTest.testVerifyJobDetails(InsiderTest.java:59)
at java.base/java.util.ArrayList.forEach(ArrayList.java:1604)
... Removed 32 stack frames]]>
    </failure>
  </testcase> <!-- testVerifyJobDetails -->
  <testcase classname="com.insider.tests.InsiderTest" name="testViewRoleRedirect" time="17.988"/>
</testsuite> <!-- Insider Tests -->
