<?xml version="1.0" encoding="UTF-8"?>
<!-- Generated by org.testng.reporters.JUnitXMLReporter -->
<testsuite ignored="0" hostname="THB-ARG-2438" failures="3" tests="4" name="Insider Tests" time="147.668" errors="0" timestamp="2026-01-18T00:00:10 GMT+03:00">
  <testcase classname="com.insider.tests.InsiderTest" name="testHomePageLoaded" time="12.807"/>
  <testcase classname="com.insider.tests.InsiderTest" name="testFilterJobsAndVerifyList" time="63.758">
    <failure type="java.lang.AssertionError" message="Jobs list should be present after filtering expected [true] but found [false]">
      <![CDATA[java.lang.AssertionError: Jobs list should be present after filtering expected [true] but found [false]
at com.insider.tests.InsiderTest.testFilterJobsAndVerifyList(InsiderTest.java:39)
at java.base/java.util.ArrayList.forEach(ArrayList.java:1604)
... Removed 32 stack frames]]>
    </failure>
  </testcase> <!-- testFilterJobsAndVerifyList -->
  <testcase classname="com.insider.tests.InsiderTest" name="testVerifyJobDetails" time="1.459">
    <failure type="java.lang.RuntimeException" message="Could not find location filter: no such window: target window already closed
from unknown error: web view not found
  (Session info: chrome=124.0.6367.80)
Build info: version: &amp;apos;4.15.0&amp;apos;, revision: &amp;apos;1d14b5521b&amp;apos;
System info: os.name: &amp;apos;Mac OS X&amp;apos;, os.arch: &amp;apos;aarch64&amp;apos;, os.version: &amp;apos;15.5&amp;apos;, java.version: &amp;apos;24.0.2&amp;apos;
Driver info: org.openqa.selenium.chrome.ChromeDriver
Command: [107f8d77ca51066070abe69971c32679, findElement {using=xpath, value=//select[contains(@name, &amp;apos;location&amp;apos;) or contains(@id, &amp;apos;location&amp;apos;)] | //div[contains(@class, &amp;apos;location&amp;apos;)]//select}]
Capabilities {acceptInsecureCerts: false, browserName: chrome, browserVersion: 124.0.6367.80, chrome: {chromedriverVersion: 124.0.6367.207 (a9001a6e39f..., userDataDir: /var/folders/14/2jmktgk542z...}, fedcm:accounts: true, goog:chromeOptions: {debuggerAddress: localhost:61328}, networkConnectionEnabled: false, pageLoadStrategy: normal, platformName: mac, proxy: Proxy(), se:cdp: ws://localhost:61328/devtoo..., se:cdpVersion: 124.0.6367.80, setWindowRect: true, strictFileInteractability: false, timeouts: {implicit: 0, pageLoad: 300000, script: 30000}, unhandledPromptBehavior: dismiss and notify, webauthn:extension:credBlob: true, webauthn:extension:largeBlob: true, webauthn:extension:minPinLength: true, webauthn:extension:prf: true, webauthn:virtualAuthenticators: true}
Session ID: 107f8d77ca51066070abe69971c32679">
      <![CDATA[java.lang.RuntimeException: Could not find location filter: no such window: target window already closed
from unknown error: web view not found
  (Session info: chrome=124.0.6367.80)
Build info: version: '4.15.0', revision: '1d14b5521b'
System info: os.name: 'Mac OS X', os.arch: 'aarch64', os.version: '15.5', java.version: '24.0.2'
Driver info: org.openqa.selenium.chrome.ChromeDriver
Command: [107f8d77ca51066070abe69971c32679, findElement {using=xpath, value=//select[contains(@name, 'location') or contains(@id, 'location')] | //div[contains(@class, 'location')]//select}]
Capabilities {acceptInsecureCerts: false, browserName: chrome, browserVersion: 124.0.6367.80, chrome: {chromedriverVersion: 124.0.6367.207 (a9001a6e39f..., userDataDir: /var/folders/14/2jmktgk542z...}, fedcm:accounts: true, goog:chromeOptions: {debuggerAddress: localhost:61328}, networkConnectionEnabled: false, pageLoadStrategy: normal, platformName: mac, proxy: Proxy(), se:cdp: ws://localhost:61328/devtoo..., se:cdpVersion: 124.0.6367.80, setWindowRect: true, strictFileInteractability: false, timeouts: {implicit: 0, pageLoad: 300000, script: 30000}, unhandledPromptBehavior: dismiss and notify, webauthn:extension:credBlob: true, webauthn:extension:largeBlob: true, webauthn:extension:minPinLength: true, webauthn:extension:prf: true, webauthn:virtualAuthenticators: true}
Session ID: 107f8d77ca51066070abe69971c32679
at com.insider.pages.JobsListPage.filterByLocation(JobsListPage.java:77)
at com.insider.tests.InsiderTest.testVerifyJobDetails(InsiderTest.java:52)
at java.base/java.util.ArrayList.forEach(ArrayList.java:1604)
... Removed 29 stack frames]]>
    </failure>
  </testcase> <!-- testVerifyJobDetails -->
  <testcase classname="com.insider.tests.InsiderTest" name="testViewRoleRedirect" time="64.165">
    <failure type="java.lang.AssertionError" message="Jobs list should be present before clicking View Role expected [true] but found [false]">
      <![CDATA[java.lang.AssertionError: Jobs list should be present before clicking View Role expected [true] but found [false]
at com.insider.tests.InsiderTest.testViewRoleRedirect(InsiderTest.java:78)
at java.base/java.util.ArrayList.forEach(ArrayList.java:1604)
... Removed 32 stack frames]]>
    </failure>
  </testcase> <!-- testViewRoleRedirect -->
</testsuite> <!-- Insider Tests -->
