<?xml version="1.0" encoding="UTF-8"?>
<testng-results ignored="0" total="10" passed="7" failed="3" skipped="0">
  <reporter-output>
  </reporter-output>
  <suite started-at="2026-01-18T22:18:07 GMT+03:00" name="Insider Automation Test Suite" finished-at="2026-01-18T22:20:02 GMT+03:00" duration-ms="114783">
    <groups>
    </groups>
    <test started-at="2026-01-18T22:18:07 GMT+03:00" name="Home Page Tests" finished-at="2026-01-18T22:18:23 GMT+03:00" duration-ms="16359">
      <class name="com.insider.tests.HomePageTest">
        <test-method is-config="true" signature="setUp(java.lang.String)[pri:0, instance:com.insider.tests.HomePageTest@29176cc1]" started-at="2026-01-18T22:18:07 GMT+03:00" name="setUp" finished-at="2026-01-18T22:18:10 GMT+03:00" duration-ms="3281" status="PASS">
          <params>
            <param index="0">
              <value>
                <![CDATA[chrome]]>
              </value>
            </param>
          </params>
          <reporter-output>
          </reporter-output>
        </test-method> <!-- setUp -->
        <test-method is-config="true" signature="initPage()[pri:0, instance:com.insider.tests.HomePageTest@29176cc1]" started-at="2026-01-18T22:18:10 GMT+03:00" name="initPage" finished-at="2026-01-18T22:18:16 GMT+03:00" duration-ms="5534" status="PASS">
          <reporter-output>
          </reporter-output>
        </test-method> <!-- initPage -->
        <test-method signature="testFooterLoaded()[pri:0, instance:com.insider.tests.HomePageTest@29176cc1]" started-at="2026-01-18T22:18:16 GMT+03:00" name="testFooterLoaded" description="Verify home page footer is loaded" finished-at="2026-01-18T22:18:16 GMT+03:00" duration-ms="68" status="PASS">
          <reporter-output>
          </reporter-output>
        </test-method> <!-- testFooterLoaded -->
        <test-method is-config="true" signature="tearDown()[pri:0, instance:com.insider.tests.HomePageTest@29176cc1]" started-at="2026-01-18T22:18:16 GMT+03:00" name="tearDown" finished-at="2026-01-18T22:18:16 GMT+03:00" duration-ms="198" status="PASS">
          <reporter-output>
          </reporter-output>
        </test-method> <!-- tearDown -->
        <test-method is-config="true" signature="setUp(java.lang.String)[pri:0, instance:com.insider.tests.HomePageTest@29176cc1]" started-at="2026-01-18T22:18:16 GMT+03:00" name="setUp" finished-at="2026-01-18T22:18:17 GMT+03:00" duration-ms="928" status="PASS">
          <params>
            <param index="0">
              <value>
                <![CDATA[chrome]]>
              </value>
            </param>
          </params>
          <reporter-output>
          </reporter-output>
        </test-method> <!-- setUp -->
        <test-method is-config="true" signature="initPage()[pri:0, instance:com.insider.tests.HomePageTest@29176cc1]" started-at="2026-01-18T22:18:17 GMT+03:00" name="initPage" finished-at="2026-01-18T22:18:19 GMT+03:00" duration-ms="1532" status="PASS">
          <reporter-output>
          </reporter-output>
        </test-method> <!-- initPage -->
        <test-method signature="testHeaderLoaded()[pri:0, instance:com.insider.tests.HomePageTest@29176cc1]" started-at="2026-01-18T22:18:19 GMT+03:00" name="testHeaderLoaded" description="Verify home page header is loaded" finished-at="2026-01-18T22:18:19 GMT+03:00" duration-ms="92" status="PASS">
          <reporter-output>
          </reporter-output>
        </test-method> <!-- testHeaderLoaded -->
        <test-method is-config="true" signature="tearDown()[pri:0, instance:com.insider.tests.HomePageTest@29176cc1]" started-at="2026-01-18T22:18:19 GMT+03:00" name="tearDown" finished-at="2026-01-18T22:18:19 GMT+03:00" duration-ms="183" status="PASS">
          <reporter-output>
          </reporter-output>
        </test-method> <!-- tearDown -->
        <test-method is-config="true" signature="setUp(java.lang.String)[pri:0, instance:com.insider.tests.HomePageTest@29176cc1]" started-at="2026-01-18T22:18:19 GMT+03:00" name="setUp" finished-at="2026-01-18T22:18:20 GMT+03:00" duration-ms="732" status="PASS">
          <params>
            <param index="0">
              <value>
                <![CDATA[chrome]]>
              </value>
            </param>
          </params>
          <reporter-output>
          </reporter-output>
        </test-method> <!-- setUp -->
        <test-method is-config="true" signature="initPage()[pri:0, instance:com.insider.tests.HomePageTest@29176cc1]" started-at="2026-01-18T22:18:20 GMT+03:00" name="initPage" finished-at="2026-01-18T22:18:21 GMT+03:00" duration-ms="1189" status="PASS">
          <reporter-output>
          </reporter-output>
        </test-method> <!-- initPage -->
        <test-method signature="testHomePageUrl()[pri:0, instance:com.insider.tests.HomePageTest@29176cc1]" started-at="2026-01-18T22:18:21 GMT+03:00" name="testHomePageUrl" description="Verify home page URL is correct" finished-at="2026-01-18T22:18:21 GMT+03:00" duration-ms="23" status="PASS">
          <reporter-output>
          </reporter-output>
        </test-method> <!-- testHomePageUrl -->
        <test-method is-config="true" signature="tearDown()[pri:0, instance:com.insider.tests.HomePageTest@29176cc1]" started-at="2026-01-18T22:18:21 GMT+03:00" name="tearDown" finished-at="2026-01-18T22:18:21 GMT+03:00" duration-ms="194" status="PASS">
          <reporter-output>
          </reporter-output>
        </test-method> <!-- tearDown -->
        <test-method is-config="true" signature="setUp(java.lang.String)[pri:0, instance:com.insider.tests.HomePageTest@29176cc1]" started-at="2026-01-18T22:18:21 GMT+03:00" name="setUp" finished-at="2026-01-18T22:18:22 GMT+03:00" duration-ms="678" status="PASS">
          <params>
            <param index="0">
              <value>
                <![CDATA[chrome]]>
              </value>
            </param>
          </params>
          <reporter-output>
          </reporter-output>
        </test-method> <!-- setUp -->
        <test-method is-config="true" signature="initPage()[pri:0, instance:com.insider.tests.HomePageTest@29176cc1]" started-at="2026-01-18T22:18:22 GMT+03:00" name="initPage" finished-at="2026-01-18T22:18:23 GMT+03:00" duration-ms="1482" status="PASS">
          <reporter-output>
          </reporter-output>
        </test-method> <!-- initPage -->
        <test-method signature="testMainContentLoaded()[pri:0, instance:com.insider.tests.HomePageTest@29176cc1]" started-at="2026-01-18T22:18:23 GMT+03:00" name="testMainContentLoaded" description="Verify home page main content is loaded" finished-at="2026-01-18T22:18:23 GMT+03:00" duration-ms="44" status="PASS">
          <reporter-output>
          </reporter-output>
        </test-method> <!-- testMainContentLoaded -->
        <test-method is-config="true" signature="tearDown()[pri:0, instance:com.insider.tests.HomePageTest@29176cc1]" started-at="2026-01-18T22:18:23 GMT+03:00" name="tearDown" finished-at="2026-01-18T22:18:23 GMT+03:00" duration-ms="175" status="PASS">
          <reporter-output>
          </reporter-output>
        </test-method> <!-- tearDown -->
      </class> <!-- com.insider.tests.HomePageTest -->
    </test> <!-- Home Page Tests -->
    <test started-at="2026-01-18T22:18:23 GMT+03:00" name="Careers Page Tests" finished-at="2026-01-18T22:20:02 GMT+03:00" duration-ms="98407">
      <class name="com.insider.tests.CareersPageTest">
        <test-method is-config="true" signature="setUp(java.lang.String)[pri:0, instance:com.insider.tests.CareersPageTest@35047d03]" started-at="2026-01-18T22:18:23 GMT+03:00" name="setUp" finished-at="2026-01-18T22:18:24 GMT+03:00" duration-ms="674" status="PASS">
          <params>
            <param index="0">
              <value>
                <![CDATA[chrome]]>
              </value>
            </param>
          </params>
          <reporter-output>
          </reporter-output>
        </test-method> <!-- setUp -->
        <test-method is-config="true" signature="initPage()[pri:0, instance:com.insider.tests.CareersPageTest@35047d03]" started-at="2026-01-18T22:18:24 GMT+03:00" name="initPage" finished-at="2026-01-18T22:18:25 GMT+03:00" duration-ms="1066" status="PASS">
          <reporter-output>
          </reporter-output>
        </test-method> <!-- initPage -->
        <test-method signature="testFilterJobsAndVerifyList()[pri:0, instance:com.insider.tests.CareersPageTest@35047d03]" started-at="2026-01-18T22:18:25 GMT+03:00" name="testFilterJobsAndVerifyList" description="Navigate to QA jobs and verify jobs list is present" finished-at="2026-01-18T22:18:40 GMT+03:00" duration-ms="15087" status="PASS">
          <reporter-output>
          </reporter-output>
        </test-method> <!-- testFilterJobsAndVerifyList -->
        <test-method is-config="true" signature="tearDown()[pri:0, instance:com.insider.tests.CareersPageTest@35047d03]" started-at="2026-01-18T22:18:40 GMT+03:00" name="tearDown" finished-at="2026-01-18T22:18:40 GMT+03:00" duration-ms="204" status="PASS">
          <reporter-output>
          </reporter-output>
        </test-method> <!-- tearDown -->
        <test-method is-config="true" signature="setUp(java.lang.String)[pri:0, instance:com.insider.tests.CareersPageTest@35047d03]" started-at="2026-01-18T22:18:40 GMT+03:00" name="setUp" finished-at="2026-01-18T22:18:41 GMT+03:00" duration-ms="742" status="PASS">
          <params>
            <param index="0">
              <value>
                <![CDATA[chrome]]>
              </value>
            </param>
          </params>
          <reporter-output>
          </reporter-output>
        </test-method> <!-- setUp -->
        <test-method is-config="true" signature="initPage()[pri:0, instance:com.insider.tests.CareersPageTest@35047d03]" started-at="2026-01-18T22:18:41 GMT+03:00" name="initPage" finished-at="2026-01-18T22:18:42 GMT+03:00" duration-ms="1181" status="PASS">
          <reporter-output>
          </reporter-output>
        </test-method> <!-- initPage -->
        <test-method signature="testFooterLoaded()[pri:0, instance:com.insider.tests.CareersPageTest@35047d03]" started-at="2026-01-18T22:18:42 GMT+03:00" name="testFooterLoaded" description="Verify careers page footer is loaded" finished-at="2026-01-18T22:18:42 GMT+03:00" duration-ms="45" status="PASS">
          <reporter-output>
          </reporter-output>
        </test-method> <!-- testFooterLoaded -->
        <test-method is-config="true" signature="tearDown()[pri:0, instance:com.insider.tests.CareersPageTest@35047d03]" started-at="2026-01-18T22:18:42 GMT+03:00" name="tearDown" finished-at="2026-01-18T22:18:43 GMT+03:00" duration-ms="175" status="PASS">
          <reporter-output>
          </reporter-output>
        </test-method> <!-- tearDown -->
        <test-method is-config="true" signature="setUp(java.lang.String)[pri:0, instance:com.insider.tests.CareersPageTest@35047d03]" started-at="2026-01-18T22:18:43 GMT+03:00" name="setUp" finished-at="2026-01-18T22:18:43 GMT+03:00" duration-ms="788" status="PASS">
          <params>
            <param index="0">
              <value>
                <![CDATA[chrome]]>
              </value>
            </param>
          </params>
          <reporter-output>
          </reporter-output>
        </test-method> <!-- setUp -->
        <test-method is-config="true" signature="initPage()[pri:0, instance:com.insider.tests.CareersPageTest@35047d03]" started-at="2026-01-18T22:18:43 GMT+03:00" name="initPage" finished-at="2026-01-18T22:18:44 GMT+03:00" duration-ms="648" status="PASS">
          <reporter-output>
          </reporter-output>
        </test-method> <!-- initPage -->
        <test-method signature="testHeaderLoaded()[pri:0, instance:com.insider.tests.CareersPageTest@35047d03]" started-at="2026-01-18T22:18:44 GMT+03:00" name="testHeaderLoaded" description="Verify careers page header is loaded" finished-at="2026-01-18T22:18:44 GMT+03:00" duration-ms="65" status="PASS">
          <reporter-output>
          </reporter-output>
        </test-method> <!-- testHeaderLoaded -->
        <test-method is-config="true" signature="tearDown()[pri:0, instance:com.insider.tests.CareersPageTest@35047d03]" started-at="2026-01-18T22:18:44 GMT+03:00" name="tearDown" finished-at="2026-01-18T22:18:44 GMT+03:00" duration-ms="207" status="PASS">
          <reporter-output>
          </reporter-output>
        </test-method> <!-- tearDown -->
        <test-method is-config="true" signature="setUp(java.lang.String)[pri:0, instance:com.insider.tests.CareersPageTest@35047d03]" started-at="2026-01-18T22:18:44 GMT+03:00" name="setUp" finished-at="2026-01-18T22:18:45 GMT+03:00" duration-ms="826" status="PASS">
          <params>
            <param index="0">
              <value>
                <![CDATA[chrome]]>
              </value>
            </param>
          </params>
          <reporter-output>
          </reporter-output>
        </test-method> <!-- setUp -->
        <test-method is-config="true" signature="initPage()[pri:0, instance:com.insider.tests.CareersPageTest@35047d03]" started-at="2026-01-18T22:18:45 GMT+03:00" name="initPage" finished-at="2026-01-18T22:18:46 GMT+03:00" duration-ms="912" status="PASS">
          <reporter-output>
          </reporter-output>
        </test-method> <!-- initPage -->
        <test-method signature="testMainContentLoaded()[pri:0, instance:com.insider.tests.CareersPageTest@35047d03]" started-at="2026-01-18T22:18:46 GMT+03:00" name="testMainContentLoaded" description="Verify careers page main content is loaded" finished-at="2026-01-18T22:18:56 GMT+03:00" duration-ms="10167" status="FAIL">
          <exception class="java.lang.AssertionError">
            <message>
              <![CDATA[Main content should be visible on careers page expected [true] but found [false]]]>
            </message>
            <full-stacktrace>
              <![CDATA[java.lang.AssertionError: Main content should be visible on careers page expected [true] but found [false]
at org.testng.Assert.fail(Assert.java:111)
at org.testng.Assert.failNotEquals(Assert.java:1578)
at org.testng.Assert.assertTrue(Assert.java:57)
at com.insider.tests.CareersPageTest.testMainContentLoaded(CareersPageTest.java:35)
at java.base/jdk.internal.reflect.DirectMethodHandleAccessor.invoke(DirectMethodHandleAccessor.java:104)
at java.base/java.lang.reflect.Method.invoke(Method.java:565)
at org.testng.internal.invokers.MethodInvocationHelper.invokeMethod(MethodInvocationHelper.java:139)
at org.testng.internal.invokers.TestInvoker.invokeMethod(TestInvoker.java:664)
at org.testng.internal.invokers.TestInvoker.invokeTestMethod(TestInvoker.java:227)
at org.testng.internal.invokers.MethodRunner.runInSequence(MethodRunner.java:50)
at org.testng.internal.invokers.TestInvoker$MethodInvocationAgent.invoke(TestInvoker.java:957)
at org.testng.internal.invokers.TestInvoker.invokeTestMethods(TestInvoker.java:200)
at org.testng.internal.invokers.TestMethodWorker.invokeTestMethods(TestMethodWorker.java:148)
at org.testng.internal.invokers.TestMethodWorker.run(TestMethodWorker.java:128)
at java.base/java.util.ArrayList.forEach(ArrayList.java:1604)
at org.testng.TestRunner.privateRun(TestRunner.java:848)
at org.testng.TestRunner.run(TestRunner.java:621)
at org.testng.SuiteRunner.runTest(SuiteRunner.java:443)
at org.testng.SuiteRunner.runSequentially(SuiteRunner.java:437)
at org.testng.SuiteRunner.privateRun(SuiteRunner.java:397)
at org.testng.SuiteRunner.run(SuiteRunner.java:336)
at org.testng.SuiteRunnerWorker.runSuite(SuiteRunnerWorker.java:52)
at org.testng.SuiteRunnerWorker.run(SuiteRunnerWorker.java:95)
at org.testng.TestNG.runSuitesSequentially(TestNG.java:1280)
at org.testng.TestNG.runSuitesLocally(TestNG.java:1200)
at org.testng.TestNG.runSuites(TestNG.java:1114)
at org.testng.TestNG.run(TestNG.java:1082)
at org.apache.maven.surefire.testng.TestNGExecutor.run(TestNGExecutor.java:308)
at org.apache.maven.surefire.testng.TestNGXmlTestSuite.execute(TestNGXmlTestSuite.java:71)
at org.apache.maven.surefire.testng.TestNGProvider.invoke(TestNGProvider.java:113)
at org.apache.maven.surefire.booter.ForkedBooter.runSuitesInProcess(ForkedBooter.java:385)
at org.apache.maven.surefire.booter.ForkedBooter.execute(ForkedBooter.java:162)
at org.apache.maven.surefire.booter.ForkedBooter.run(ForkedBooter.java:507)
at org.apache.maven.surefire.booter.ForkedBooter.main(ForkedBooter.java:495)
]]>
            </full-stacktrace>
          </exception> <!-- java.lang.AssertionError -->
          <reporter-output>
          </reporter-output>
        </test-method> <!-- testMainContentLoaded -->
        <test-method is-config="true" signature="tearDown()[pri:0, instance:com.insider.tests.CareersPageTest@35047d03]" started-at="2026-01-18T22:18:56 GMT+03:00" name="tearDown" finished-at="2026-01-18T22:18:56 GMT+03:00" duration-ms="133" status="PASS">
          <reporter-output>
          </reporter-output>
        </test-method> <!-- tearDown -->
        <test-method is-config="true" signature="setUp(java.lang.String)[pri:0, instance:com.insider.tests.CareersPageTest@35047d03]" started-at="2026-01-18T22:18:56 GMT+03:00" name="setUp" finished-at="2026-01-18T22:18:57 GMT+03:00" duration-ms="795" status="PASS">
          <params>
            <param index="0">
              <value>
                <![CDATA[chrome]]>
              </value>
            </param>
          </params>
          <reporter-output>
          </reporter-output>
        </test-method> <!-- setUp -->
        <test-method is-config="true" signature="initPage()[pri:0, instance:com.insider.tests.CareersPageTest@35047d03]" started-at="2026-01-18T22:18:57 GMT+03:00" name="initPage" finished-at="2026-01-18T22:18:58 GMT+03:00" duration-ms="777" status="PASS">
          <reporter-output>
          </reporter-output>
        </test-method> <!-- initPage -->
        <test-method signature="testVerifyJobDetails()[pri:0, instance:com.insider.tests.CareersPageTest@35047d03]" started-at="2026-01-18T22:18:58 GMT+03:00" name="testVerifyJobDetails" description="Verify all jobs contain correct Department and Location" finished-at="2026-01-18T22:19:29 GMT+03:00" duration-ms="30842" status="FAIL">
          <exception class="org.openqa.selenium.TimeoutException">
            <message>
              <![CDATA[Expected condition failed: waiting for visibility of element located by By.xpath: //select[contains(@*,'location')] (tried for 30 second(s) with 500 milliseconds interval)]]>
            </message>
            <full-stacktrace>
              <![CDATA[org.openqa.selenium.TimeoutException: Expected condition failed: waiting for visibility of element located by By.xpath: //select[contains(@*,'location')] (tried for 30 second(s) with 500 milliseconds interval)
at org.openqa.selenium.support.ui.WebDriverWait.timeoutException(WebDriverWait.java:84)
at org.openqa.selenium.support.ui.FluentWait.until(FluentWait.java:229)
at com.insider.pages.JobsListPage.filterByLocation(JobsListPage.java:26)
at com.insider.tests.CareersPageTest.testVerifyJobDetails(CareersPageTest.java:58)
at java.base/jdk.internal.reflect.DirectMethodHandleAccessor.invoke(DirectMethodHandleAccessor.java:104)
at java.base/java.lang.reflect.Method.invoke(Method.java:565)
at org.testng.internal.invokers.MethodInvocationHelper.invokeMethod(MethodInvocationHelper.java:139)
at org.testng.internal.invokers.TestInvoker.invokeMethod(TestInvoker.java:664)
at org.testng.internal.invokers.TestInvoker.invokeTestMethod(TestInvoker.java:227)
at org.testng.internal.invokers.MethodRunner.runInSequence(MethodRunner.java:50)
at org.testng.internal.invokers.TestInvoker$MethodInvocationAgent.invoke(TestInvoker.java:957)
at org.testng.internal.invokers.TestInvoker.invokeTestMethods(TestInvoker.java:200)
at org.testng.internal.invokers.TestMethodWorker.invokeTestMethods(TestMethodWorker.java:148)
at org.testng.internal.invokers.TestMethodWorker.run(TestMethodWorker.java:128)
at java.base/java.util.ArrayList.forEach(ArrayList.java:1604)
at org.testng.TestRunner.privateRun(TestRunner.java:848)
at org.testng.TestRunner.run(TestRunner.java:621)
at org.testng.SuiteRunner.runTest(SuiteRunner.java:443)
at org.testng.SuiteRunner.runSequentially(SuiteRunner.java:437)
at org.testng.SuiteRunner.privateRun(SuiteRunner.java:397)
at org.testng.SuiteRunner.run(SuiteRunner.java:336)
at org.testng.SuiteRunnerWorker.runSuite(SuiteRunnerWorker.java:52)
at org.testng.SuiteRunnerWorker.run(SuiteRunnerWorker.java:95)
at org.testng.TestNG.runSuitesSequentially(TestNG.java:1280)
at org.testng.TestNG.runSuitesLocally(TestNG.java:1200)
at org.testng.TestNG.runSuites(TestNG.java:1114)
at org.testng.TestNG.run(TestNG.java:1082)
at org.apache.maven.surefire.testng.TestNGExecutor.run(TestNGExecutor.java:308)
at org.apache.maven.surefire.testng.TestNGXmlTestSuite.execute(TestNGXmlTestSuite.java:71)
at org.apache.maven.surefire.testng.TestNGProvider.invoke(TestNGProvider.java:113)
at org.apache.maven.surefire.booter.ForkedBooter.runSuitesInProcess(ForkedBooter.java:385)
at org.apache.maven.surefire.booter.ForkedBooter.execute(ForkedBooter.java:162)
at org.apache.maven.surefire.booter.ForkedBooter.run(ForkedBooter.java:507)
at org.apache.maven.surefire.booter.ForkedBooter.main(ForkedBooter.java:495)
Caused by: org.openqa.selenium.NoSuchWindowException: no such window: target window already closed
from unknown error: web view not found
  (Session info: chrome=124.0.6367.80)
Build info: version: '4.15.0', revision: '1d14b5521b'
System info: os.name: 'Mac OS X', os.arch: 'aarch64', os.version: '15.5', java.version: '24.0.2'
Driver info: org.openqa.selenium.chrome.ChromeDriver
Command: [1e46972f4c2bfc59e5aa543b972b9932, findElement {using=xpath, value=//select[contains(@*,'location')]}]
Capabilities {acceptInsecureCerts: false, browserName: chrome, browserVersion: 124.0.6367.80, chrome: {chromedriverVersion: 124.0.6367.207 (a9001a6e39f..., userDataDir: /var/folders/14/2jmktgk542z...}, fedcm:accounts: true, goog:chromeOptions: {debuggerAddress: localhost:58281}, networkConnectionEnabled: false, pageLoadStrategy: normal, platformName: mac, proxy: Proxy(), se:cdp: ws://localhost:58281/devtoo..., se:cdpVersion: 124.0.6367.80, setWindowRect: true, strictFileInteractability: false, timeouts: {implicit: 0, pageLoad: 300000, script: 30000}, unhandledPromptBehavior: dismiss and notify, webauthn:extension:credBlob: true, webauthn:extension:largeBlob: true, webauthn:extension:minPinLength: true, webauthn:extension:prf: true, webauthn:virtualAuthenticators: true}
Session ID: 1e46972f4c2bfc59e5aa543b972b9932
at java.base/jdk.internal.reflect.DirectConstructorHandleAccessor.newInstance(DirectConstructorHandleAccessor.java:62)
at java.base/java.lang.reflect.Constructor.newInstanceWithCaller(Constructor.java:499)
at java.base/java.lang.reflect.Constructor.newInstance(Constructor.java:483)
at org.openqa.selenium.remote.codec.w3c.W3CHttpResponseCodec.createException(W3CHttpResponseCodec.java:200)
at org.openqa.selenium.remote.codec.w3c.W3CHttpResponseCodec.decode(W3CHttpResponseCodec.java:133)
at org.openqa.selenium.remote.codec.w3c.W3CHttpResponseCodec.decode(W3CHttpResponseCodec.java:52)
at org.openqa.selenium.remote.HttpCommandExecutor.execute(HttpCommandExecutor.java:191)
at org.openqa.selenium.remote.service.DriverCommandExecutor.invokeExecute(DriverCommandExecutor.java:200)
at org.openqa.selenium.remote.service.DriverCommandExecutor.execute(DriverCommandExecutor.java:175)
at org.openqa.selenium.remote.RemoteWebDriver.execute(RemoteWebDriver.java:607)
at org.openqa.selenium.remote.ElementLocation$ElementFinder$2.findElement(ElementLocation.java:165)
at org.openqa.selenium.remote.ElementLocation.findElement(ElementLocation.java:59)
at org.openqa.selenium.remote.RemoteWebDriver.findElement(RemoteWebDriver.java:364)
at org.openqa.selenium.remote.RemoteWebDriver.findElement(RemoteWebDriver.java:358)
at org.openqa.selenium.support.ui.ExpectedConditions$7.apply(ExpectedConditions.java:194)
at org.openqa.selenium.support.ui.ExpectedConditions$7.apply(ExpectedConditions.java:190)
at org.openqa.selenium.support.ui.FluentWait.until(FluentWait.java:204)
... 32 more
]]>
            </full-stacktrace>
          </exception> <!-- org.openqa.selenium.TimeoutException -->
          <reporter-output>
          </reporter-output>
        </test-method> <!-- testVerifyJobDetails -->
        <test-method is-config="true" signature="tearDown()[pri:0, instance:com.insider.tests.CareersPageTest@35047d03]" started-at="2026-01-18T22:19:29 GMT+03:00" name="tearDown" finished-at="2026-01-18T22:19:29 GMT+03:00" duration-ms="192" status="PASS">
          <reporter-output>
          </reporter-output>
        </test-method> <!-- tearDown -->
        <test-method is-config="true" signature="setUp(java.lang.String)[pri:0, instance:com.insider.tests.CareersPageTest@35047d03]" started-at="2026-01-18T22:19:29 GMT+03:00" name="setUp" finished-at="2026-01-18T22:19:30 GMT+03:00" duration-ms="952" status="PASS">
          <params>
            <param index="0">
              <value>
                <![CDATA[chrome]]>
              </value>
            </param>
          </params>
          <reporter-output>
          </reporter-output>
        </test-method> <!-- setUp -->
        <test-method is-config="true" signature="initPage()[pri:0, instance:com.insider.tests.CareersPageTest@35047d03]" started-at="2026-01-18T22:19:30 GMT+03:00" name="initPage" finished-at="2026-01-18T22:19:31 GMT+03:00" duration-ms="694" status="PASS">
          <reporter-output>
          </reporter-output>
        </test-method> <!-- initPage -->
        <test-method signature="testViewRoleRedirect()[pri:0, instance:com.insider.tests.CareersPageTest@35047d03]" started-at="2026-01-18T22:19:31 GMT+03:00" name="testViewRoleRedirect" description="Click View Role button and verify redirect to Lever Application" finished-at="2026-01-18T22:20:02 GMT+03:00" duration-ms="31038" status="FAIL">
          <exception class="org.openqa.selenium.TimeoutException">
            <message>
              <![CDATA[Expected condition failed: waiting for visibility of element located by By.xpath: //select[contains(@*,'location')] (tried for 30 second(s) with 500 milliseconds interval)]]>
            </message>
            <full-stacktrace>
              <![CDATA[org.openqa.selenium.TimeoutException: Expected condition failed: waiting for visibility of element located by By.xpath: //select[contains(@*,'location')] (tried for 30 second(s) with 500 milliseconds interval)
at org.openqa.selenium.support.ui.WebDriverWait.timeoutException(WebDriverWait.java:84)
at org.openqa.selenium.support.ui.FluentWait.until(FluentWait.java:229)
at com.insider.pages.JobsListPage.filterByLocation(JobsListPage.java:26)
at com.insider.tests.CareersPageTest.testViewRoleRedirect(CareersPageTest.java:78)
at java.base/jdk.internal.reflect.DirectMethodHandleAccessor.invoke(DirectMethodHandleAccessor.java:104)
at java.base/java.lang.reflect.Method.invoke(Method.java:565)
at org.testng.internal.invokers.MethodInvocationHelper.invokeMethod(MethodInvocationHelper.java:139)
at org.testng.internal.invokers.TestInvoker.invokeMethod(TestInvoker.java:664)
at org.testng.internal.invokers.TestInvoker.invokeTestMethod(TestInvoker.java:227)
at org.testng.internal.invokers.MethodRunner.runInSequence(MethodRunner.java:50)
at org.testng.internal.invokers.TestInvoker$MethodInvocationAgent.invoke(TestInvoker.java:957)
at org.testng.internal.invokers.TestInvoker.invokeTestMethods(TestInvoker.java:200)
at org.testng.internal.invokers.TestMethodWorker.invokeTestMethods(TestMethodWorker.java:148)
at org.testng.internal.invokers.TestMethodWorker.run(TestMethodWorker.java:128)
at java.base/java.util.ArrayList.forEach(ArrayList.java:1604)
at org.testng.TestRunner.privateRun(TestRunner.java:848)
at org.testng.TestRunner.run(TestRunner.java:621)
at org.testng.SuiteRunner.runTest(SuiteRunner.java:443)
at org.testng.SuiteRunner.runSequentially(SuiteRunner.java:437)
at org.testng.SuiteRunner.privateRun(SuiteRunner.java:397)
at org.testng.SuiteRunner.run(SuiteRunner.java:336)
at org.testng.SuiteRunnerWorker.runSuite(SuiteRunnerWorker.java:52)
at org.testng.SuiteRunnerWorker.run(SuiteRunnerWorker.java:95)
at org.testng.TestNG.runSuitesSequentially(TestNG.java:1280)
at org.testng.TestNG.runSuitesLocally(TestNG.java:1200)
at org.testng.TestNG.runSuites(TestNG.java:1114)
at org.testng.TestNG.run(TestNG.java:1082)
at org.apache.maven.surefire.testng.TestNGExecutor.run(TestNGExecutor.java:308)
at org.apache.maven.surefire.testng.TestNGXmlTestSuite.execute(TestNGXmlTestSuite.java:71)
at org.apache.maven.surefire.testng.TestNGProvider.invoke(TestNGProvider.java:113)
at org.apache.maven.surefire.booter.ForkedBooter.runSuitesInProcess(ForkedBooter.java:385)
at org.apache.maven.surefire.booter.ForkedBooter.execute(ForkedBooter.java:162)
at org.apache.maven.surefire.booter.ForkedBooter.run(ForkedBooter.java:507)
at org.apache.maven.surefire.booter.ForkedBooter.main(ForkedBooter.java:495)
Caused by: org.openqa.selenium.NoSuchWindowException: no such window: target window already closed
from unknown error: web view not found
  (Session info: chrome=124.0.6367.80)
Build info: version: '4.15.0', revision: '1d14b5521b'
System info: os.name: 'Mac OS X', os.arch: 'aarch64', os.version: '15.5', java.version: '24.0.2'
Driver info: org.openqa.selenium.chrome.ChromeDriver
Command: [c5b9ad0eae5df905e6903d396119200e, findElement {using=xpath, value=//select[contains(@*,'location')]}]
Capabilities {acceptInsecureCerts: false, browserName: chrome, browserVersion: 124.0.6367.80, chrome: {chromedriverVersion: 124.0.6367.207 (a9001a6e39f..., userDataDir: /var/folders/14/2jmktgk542z...}, fedcm:accounts: true, goog:chromeOptions: {debuggerAddress: localhost:58587}, networkConnectionEnabled: false, pageLoadStrategy: normal, platformName: mac, proxy: Proxy(), se:cdp: ws://localhost:58587/devtoo..., se:cdpVersion: 124.0.6367.80, setWindowRect: true, strictFileInteractability: false, timeouts: {implicit: 0, pageLoad: 300000, script: 30000}, unhandledPromptBehavior: dismiss and notify, webauthn:extension:credBlob: true, webauthn:extension:largeBlob: true, webauthn:extension:minPinLength: true, webauthn:extension:prf: true, webauthn:virtualAuthenticators: true}
Session ID: c5b9ad0eae5df905e6903d396119200e
at java.base/jdk.internal.reflect.DirectConstructorHandleAccessor.newInstance(DirectConstructorHandleAccessor.java:62)
at java.base/java.lang.reflect.Constructor.newInstanceWithCaller(Constructor.java:499)
at java.base/java.lang.reflect.Constructor.newInstance(Constructor.java:483)
at org.openqa.selenium.remote.codec.w3c.W3CHttpResponseCodec.createException(W3CHttpResponseCodec.java:200)
at org.openqa.selenium.remote.codec.w3c.W3CHttpResponseCodec.decode(W3CHttpResponseCodec.java:133)
at org.openqa.selenium.remote.codec.w3c.W3CHttpResponseCodec.decode(W3CHttpResponseCodec.java:52)
at org.openqa.selenium.remote.HttpCommandExecutor.execute(HttpCommandExecutor.java:191)
at org.openqa.selenium.remote.service.DriverCommandExecutor.invokeExecute(DriverCommandExecutor.java:200)
at org.openqa.selenium.remote.service.DriverCommandExecutor.execute(DriverCommandExecutor.java:175)
at org.openqa.selenium.remote.RemoteWebDriver.execute(RemoteWebDriver.java:607)
at org.openqa.selenium.remote.ElementLocation$ElementFinder$2.findElement(ElementLocation.java:165)
at org.openqa.selenium.remote.ElementLocation.findElement(ElementLocation.java:59)
at org.openqa.selenium.remote.RemoteWebDriver.findElement(RemoteWebDriver.java:364)
at org.openqa.selenium.remote.RemoteWebDriver.findElement(RemoteWebDriver.java:358)
at org.openqa.selenium.support.ui.ExpectedConditions$7.apply(ExpectedConditions.java:194)
at org.openqa.selenium.support.ui.ExpectedConditions$7.apply(ExpectedConditions.java:190)
at org.openqa.selenium.support.ui.FluentWait.until(FluentWait.java:204)
... 32 more
]]>
            </full-stacktrace>
          </exception> <!-- org.openqa.selenium.TimeoutException -->
          <reporter-output>
          </reporter-output>
        </test-method> <!-- testViewRoleRedirect -->
        <test-method is-config="true" signature="tearDown()[pri:0, instance:com.insider.tests.CareersPageTest@35047d03]" started-at="2026-01-18T22:20:02 GMT+03:00" name="tearDown" finished-at="2026-01-18T22:20:02 GMT+03:00" duration-ms="175" status="PASS">
          <reporter-output>
          </reporter-output>
        </test-method> <!-- tearDown -->
      </class> <!-- com.insider.tests.CareersPageTest -->
    </test> <!-- Careers Page Tests -->
  </suite> <!-- Insider Automation Test Suite -->
</testng-results>
