<?xml version="1.0" encoding="UTF-8"?>
<!-- Generated by org.testng.reporters.JUnitXMLReporter -->
<testsuite ignored="0" hostname="THB-ARG-2438" failures="0" tests="4" name="Home Page Tests" time="16.359" errors="0" timestamp="2026-01-18T22:18:23 GMT+03:00">
  <testcase classname="com.insider.tests.HomePageTest" name="testFooterLoaded" time="0.068"/>
  <testcase classname="com.insider.tests.HomePageTest" name="testHeaderLoaded" time="0.092"/>
  <testcase classname="com.insider.tests.HomePageTest" name="testHomePageUrl" time="0.023"/>
  <testcase classname="com.insider.tests.HomePageTest" name="testMainContentLoaded" time="0.044"/>
</testsuite> <!-- Home Page Tests -->
