<?xml version="1.0" encoding="UTF-8"?>
<!-- Generated by org.testng.reporters.JUnitReportReporter -->
<testsuite hostname="THB-ARG-2438" failures="0" tests="4" name="com.insider.tests.HomePageTest" time="16.333" errors="0" timestamp="2026-01-18T22:20:02 GMT+03:00" skipped="0">
  <testcase classname="com.insider.tests.HomePageTest" name="testFooterLoaded" time="9.066"/>
  <testcase classname="com.insider.tests.HomePageTest" name="testHomePageUrl" time="2.631"/>
  <testcase classname="com.insider.tests.HomePageTest" name="testHeaderLoaded" time="2.550"/>
  <testcase classname="com.insider.tests.HomePageTest" name="testMainContentLoaded" time="2.086"/>
</testsuite> <!-- com.insider.tests.HomePageTest -->
